Started GET "/" for ::1 at 2019-11-24 21:56:11 +0300
  
ActiveRecord::NoDatabaseError (FATAL:  database "lr4_development" does not exist
):
  
activerecord (6.0.1) lib/active_record/connection_adapters/postgresql_adapter.rb:50:in `rescue in postgresql_connection'
activerecord (6.0.1) lib/active_record/connection_adapters/postgresql_adapter.rb:33:in `postgresql_connection'
activerecord (6.0.1) lib/active_record/connection_adapters/abstract/connection_pool.rb:889:in `new_connection'
activerecord (6.0.1) lib/active_record/connection_adapters/abstract/connection_pool.rb:933:in `checkout_new_connection'
activerecord (6.0.1) lib/active_record/connection_adapters/abstract/connection_pool.rb:912:in `try_to_checkout_new_connection'
activerecord (6.0.1) lib/active_record/connection_adapters/abstract/connection_pool.rb:873:in `acquire_connection'
activerecord (6.0.1) lib/active_record/connection_adapters/abstract/connection_pool.rb:595:in `checkout'
activerecord (6.0.1) lib/active_record/connection_adapters/abstract/connection_pool.rb:439:in `connection'
activerecord (6.0.1) lib/active_record/connection_adapters/abstract/connection_pool.rb:1121:in `retrieve_connection'
activerecord (6.0.1) lib/active_record/connection_handling.rb:238:in `retrieve_connection'
activerecord (6.0.1) lib/active_record/connection_handling.rb:206:in `connection'
activerecord (6.0.1) lib/active_record/migration.rb:562:in `call'
actionpack (6.0.1) lib/action_dispatch/middleware/callbacks.rb:27:in `block in call'
activesupport (6.0.1) lib/active_support/callbacks.rb:101:in `run_callbacks'
actionpack (6.0.1) lib/action_dispatch/middleware/callbacks.rb:26:in `call'
actionpack (6.0.1) lib/action_dispatch/middleware/executor.rb:14:in `call'
actionpack (6.0.1) lib/action_dispatch/middleware/actionable_exceptions.rb:17:in `call'
actionpack (6.0.1) lib/action_dispatch/middleware/debug_exceptions.rb:32:in `call'
actionpack (6.0.1) lib/action_dispatch/middleware/show_exceptions.rb:33:in `call'
railties (6.0.1) lib/rails/rack/logger.rb:38:in `call_app'
railties (6.0.1) lib/rails/rack/logger.rb:26:in `block in call'
activesupport (6.0.1) lib/active_support/tagged_logging.rb:80:in `block in tagged'
activesupport (6.0.1) lib/active_support/tagged_logging.rb:28:in `tagged'
activesupport (6.0.1) lib/active_support/tagged_logging.rb:80:in `tagged'
railties (6.0.1) lib/rails/rack/logger.rb:26:in `call'
actionpack (6.0.1) lib/action_dispatch/middleware/remote_ip.rb:81:in `call'
actionpack (6.0.1) lib/action_dispatch/middleware/request_id.rb:27:in `call'
rack (2.0.7) lib/rack/runtime.rb:22:in `call'
activesupport (6.0.1) lib/active_support/cache/strategy/local_cache_middleware.rb:29:in `call'
actionpack (6.0.1) lib/action_dispatch/middleware/executor.rb:14:in `call'
actionpack (6.0.1) lib/action_dispatch/middleware/static.rb:126:in `call'
rack (2.0.7) lib/rack/sendfile.rb:111:in `call'
actionpack (6.0.1) lib/action_dispatch/middleware/host_authorization.rb:83:in `call'
railties (6.0.1) lib/rails/engine.rb:526:in `call'
puma (4.3.0) lib/puma/configuration.rb:228:in `call'
puma (4.3.0) lib/puma/server.rb:667:in `handle_request'
puma (4.3.0) lib/puma/server.rb:470:in `process_client'
puma (4.3.0) lib/puma/server.rb:328:in `block in run'
puma (4.3.0) lib/puma/thread_pool.rb:134:in `block in spawn_thread'
Started GET "/favicon.ico" for ::1 at 2019-11-24 21:56:12 +0300
  
ActiveRecord::NoDatabaseError (FATAL:  database "lr4_development" does not exist
):
  
activerecord (6.0.1) lib/active_record/connection_adapters/postgresql_adapter.rb:50:in `rescue in postgresql_connection'
activerecord (6.0.1) lib/active_record/connection_adapters/postgresql_adapter.rb:33:in `postgresql_connection'
activerecord (6.0.1) lib/active_record/connection_adapters/abstract/connection_pool.rb:889:in `new_connection'
activerecord (6.0.1) lib/active_record/connection_adapters/abstract/connection_pool.rb:933:in `checkout_new_connection'
activerecord (6.0.1) lib/active_record/connection_adapters/abstract/connection_pool.rb:912:in `try_to_checkout_new_connection'
activerecord (6.0.1) lib/active_record/connection_adapters/abstract/connection_pool.rb:873:in `acquire_connection'
activerecord (6.0.1) lib/active_record/connection_adapters/abstract/connection_pool.rb:595:in `checkout'
activerecord (6.0.1) lib/active_record/connection_adapters/abstract/connection_pool.rb:439:in `connection'
activerecord (6.0.1) lib/active_record/connection_adapters/abstract/connection_pool.rb:1121:in `retrieve_connection'
activerecord (6.0.1) lib/active_record/connection_handling.rb:238:in `retrieve_connection'
activerecord (6.0.1) lib/active_record/connection_handling.rb:206:in `connection'
activerecord (6.0.1) lib/active_record/migration.rb:562:in `call'
actionpack (6.0.1) lib/action_dispatch/middleware/callbacks.rb:27:in `block in call'
activesupport (6.0.1) lib/active_support/callbacks.rb:101:in `run_callbacks'
actionpack (6.0.1) lib/action_dispatch/middleware/callbacks.rb:26:in `call'
actionpack (6.0.1) lib/action_dispatch/middleware/executor.rb:14:in `call'
actionpack (6.0.1) lib/action_dispatch/middleware/actionable_exceptions.rb:17:in `call'
actionpack (6.0.1) lib/action_dispatch/middleware/debug_exceptions.rb:32:in `call'
actionpack (6.0.1) lib/action_dispatch/middleware/show_exceptions.rb:33:in `call'
railties (6.0.1) lib/rails/rack/logger.rb:38:in `call_app'
railties (6.0.1) lib/rails/rack/logger.rb:26:in `block in call'
activesupport (6.0.1) lib/active_support/tagged_logging.rb:80:in `block in tagged'
activesupport (6.0.1) lib/active_support/tagged_logging.rb:28:in `tagged'
activesupport (6.0.1) lib/active_support/tagged_logging.rb:80:in `tagged'
railties (6.0.1) lib/rails/rack/logger.rb:26:in `call'
actionpack (6.0.1) lib/action_dispatch/middleware/remote_ip.rb:81:in `call'
actionpack (6.0.1) lib/action_dispatch/middleware/request_id.rb:27:in `call'
rack (2.0.7) lib/rack/runtime.rb:22:in `call'
activesupport (6.0.1) lib/active_support/cache/strategy/local_cache_middleware.rb:29:in `call'
actionpack (6.0.1) lib/action_dispatch/middleware/executor.rb:14:in `call'
actionpack (6.0.1) lib/action_dispatch/middleware/static.rb:126:in `call'
rack (2.0.7) lib/rack/sendfile.rb:111:in `call'
actionpack (6.0.1) lib/action_dispatch/middleware/host_authorization.rb:83:in `call'
railties (6.0.1) lib/rails/engine.rb:526:in `call'
puma (4.3.0) lib/puma/configuration.rb:228:in `call'
puma (4.3.0) lib/puma/server.rb:667:in `handle_request'
puma (4.3.0) lib/puma/server.rb:470:in `process_client'
puma (4.3.0) lib/puma/server.rb:328:in `block in run'
puma (4.3.0) lib/puma/thread_pool.rb:134:in `block in spawn_thread'
  [1m[35m (2.8ms)[0m  [1m[35mCREATE DATABASE "lr4_development" ENCODING = 'unicode'[0m
  [1m[35m (354.8ms)[0m  [1m[35mCREATE DATABASE "lr4_development" ENCODING = 'unicode'[0m
  [1m[35m (151.0ms)[0m  [1m[35mCREATE DATABASE "lr4_test" ENCODING = 'unicode'[0m
Started GET "/" for ::1 at 2019-11-24 22:00:22 +0300
Processing by Rails::WelcomeController#index as HTML
  Rendering /Users/Arctic/.rbenv/versions/2.6.5/lib/ruby/gems/2.6.0/gems/railties-6.0.1/lib/rails/templates/rails/welcome/index.html.erb
  Rendered /Users/Arctic/.rbenv/versions/2.6.5/lib/ruby/gems/2.6.0/gems/railties-6.0.1/lib/rails/templates/rails/welcome/index.html.erb (Duration: 9.0ms | Allocations: 310)
Completed 200 OK in 17ms (Views: 13.8ms | ActiveRecord: 0.0ms | Allocations: 1626)


Started GET "/favicon.ico" for ::1 at 2019-11-24 22:00:23 +0300
  
ActionController::RoutingError (No route matches [GET] "/favicon.ico"):
  
actionpack (6.0.1) lib/action_dispatch/middleware/debug_exceptions.rb:36:in `call'
actionpack (6.0.1) lib/action_dispatch/middleware/show_exceptions.rb:33:in `call'
railties (6.0.1) lib/rails/rack/logger.rb:38:in `call_app'
railties (6.0.1) lib/rails/rack/logger.rb:26:in `block in call'
activesupport (6.0.1) lib/active_support/tagged_logging.rb:80:in `block in tagged'
activesupport (6.0.1) lib/active_support/tagged_logging.rb:28:in `tagged'
activesupport (6.0.1) lib/active_support/tagged_logging.rb:80:in `tagged'
railties (6.0.1) lib/rails/rack/logger.rb:26:in `call'
actionpack (6.0.1) lib/action_dispatch/middleware/remote_ip.rb:81:in `call'
actionpack (6.0.1) lib/action_dispatch/middleware/request_id.rb:27:in `call'
rack (2.0.7) lib/rack/runtime.rb:22:in `call'
activesupport (6.0.1) lib/active_support/cache/strategy/local_cache_middleware.rb:29:in `call'
actionpack (6.0.1) lib/action_dispatch/middleware/executor.rb:14:in `call'
actionpack (6.0.1) lib/action_dispatch/middleware/static.rb:126:in `call'
rack (2.0.7) lib/rack/sendfile.rb:111:in `call'
actionpack (6.0.1) lib/action_dispatch/middleware/host_authorization.rb:83:in `call'
railties (6.0.1) lib/rails/engine.rb:526:in `call'
puma (4.3.0) lib/puma/configuration.rb:228:in `call'
puma (4.3.0) lib/puma/server.rb:667:in `handle_request'
puma (4.3.0) lib/puma/server.rb:470:in `process_client'
puma (4.3.0) lib/puma/server.rb:328:in `block in run'
puma (4.3.0) lib/puma/thread_pool.rb:134:in `block in spawn_thread'
  [1m[35m (59.2ms)[0m  [1m[35mCREATE TABLE "schema_migrations" ("version" character varying NOT NULL PRIMARY KEY)[0m
  [1m[35m (45.4ms)[0m  [1m[35mCREATE TABLE "ar_internal_metadata" ("key" character varying NOT NULL PRIMARY KEY, "value" character varying, "created_at" timestamp(6) NOT NULL, "updated_at" timestamp(6) NOT NULL)[0m
  [1m[35m (42.5ms)[0m  [1m[34mSELECT pg_try_advisory_lock(8592296257595126370)[0m
  [1m[35m (0.8ms)[0m  [1m[34mSELECT "schema_migrations"."version" FROM "schema_migrations" ORDER BY "schema_migrations"."version" ASC[0m
Migrating to CreateAuthors (20191124190328)
  [1m[35m (0.2ms)[0m  [1m[35mBEGIN[0m
  [1m[35m (48.4ms)[0m  [1m[35mCREATE TABLE "authors" ("id" bigserial primary key, "first_name" character varying, "last_name" character varying, "created_at" timestamp(6) NOT NULL, "updated_at" timestamp(6) NOT NULL)[0m
  [1m[36mprimary::SchemaMigration Create (3.6ms)[0m  [1m[32mINSERT INTO "schema_migrations" ("version") VALUES ($1) RETURNING "version"[0m  [["version", "20191124190328"]]
  [1m[35m (0.6ms)[0m  [1m[35mCOMMIT[0m
  [1m[36mActiveRecord::InternalMetadata Load (0.4ms)[0m  [1m[34mSELECT "ar_internal_metadata".* FROM "ar_internal_metadata" WHERE "ar_internal_metadata"."key" = $1 LIMIT $2[0m  [["key", "environment"], ["LIMIT", 1]]
  [1m[35m (0.2ms)[0m  [1m[35mBEGIN[0m
  [1m[36mActiveRecord::InternalMetadata Create (21.1ms)[0m  [1m[32mINSERT INTO "ar_internal_metadata" ("key", "value", "created_at", "updated_at") VALUES ($1, $2, $3, $4) RETURNING "key"[0m  [["key", "environment"], ["value", "development"], ["created_at", "2019-11-24 19:03:49.053828"], ["updated_at", "2019-11-24 19:03:49.053828"]]
  [1m[35m (0.5ms)[0m  [1m[35mCOMMIT[0m
  [1m[35m (0.2ms)[0m  [1m[34mSELECT pg_advisory_unlock(8592296257595126370)[0m
  [1m[35m (1.0ms)[0m  [1m[34mSELECT "schema_migrations"."version" FROM "schema_migrations" ORDER BY "schema_migrations"."version" ASC[0m
Started GET "/" for ::1 at 2019-11-24 22:04:04 +0300
  [1m[35m (0.6ms)[0m  [1m[34mSELECT "schema_migrations"."version" FROM "schema_migrations" ORDER BY "schema_migrations"."version" ASC[0m
Processing by Rails::WelcomeController#index as HTML
  Rendering /Users/Arctic/.rbenv/versions/2.6.5/lib/ruby/gems/2.6.0/gems/railties-6.0.1/lib/rails/templates/rails/welcome/index.html.erb
  Rendered /Users/Arctic/.rbenv/versions/2.6.5/lib/ruby/gems/2.6.0/gems/railties-6.0.1/lib/rails/templates/rails/welcome/index.html.erb (Duration: 9.5ms | Allocations: 310)
Completed 200 OK in 21ms (Views: 14.2ms | ActiveRecord: 0.0ms | Allocations: 1626)


Started GET "/authors" for ::1 at 2019-11-24 22:04:14 +0300
Processing by AuthorsController#index as HTML
  [1m[36mAuthor Load (3.8ms)[0m  [1m[34mSELECT "authors".* FROM "authors"[0m
  ↳ app/controllers/authors_controller.rb:8:in `index'
Completed 200 OK in 17ms (Views: 6.4ms | ActiveRecord: 7.1ms | Allocations: 1790)


  [1m[35m (0.2ms)[0m  [1m[34mSELECT pg_try_advisory_lock(8592296257595126370)[0m
  [1m[35m (0.6ms)[0m  [1m[34mSELECT "schema_migrations"."version" FROM "schema_migrations" ORDER BY "schema_migrations"."version" ASC[0m
Migrating to CreateBlogs (20191124190449)
  [1m[35m (0.2ms)[0m  [1m[35mBEGIN[0m
  [1m[35m (43.7ms)[0m  [1m[35mCREATE TABLE "blogs" ("id" bigserial primary key, "title" character varying, "created_at" timestamp(6) NOT NULL, "updated_at" timestamp(6) NOT NULL)[0m
  [1m[36mprimary::SchemaMigration Create (0.4ms)[0m  [1m[32mINSERT INTO "schema_migrations" ("version") VALUES ($1) RETURNING "version"[0m  [["version", "20191124190449"]]
  [1m[35m (0.7ms)[0m  [1m[35mCOMMIT[0m
  [1m[36mActiveRecord::InternalMetadata Load (43.5ms)[0m  [1m[34mSELECT "ar_internal_metadata".* FROM "ar_internal_metadata" WHERE "ar_internal_metadata"."key" = $1 LIMIT $2[0m  [["key", "environment"], ["LIMIT", 1]]
  [1m[35m (0.2ms)[0m  [1m[34mSELECT pg_advisory_unlock(8592296257595126370)[0m
  [1m[35m (0.6ms)[0m  [1m[34mSELECT "schema_migrations"."version" FROM "schema_migrations" ORDER BY "schema_migrations"."version" ASC[0m
Started GET "/authors" for ::1 at 2019-11-24 22:05:03 +0300
  [1m[35m (1.2ms)[0m  [1m[34mSELECT "schema_migrations"."version" FROM "schema_migrations" ORDER BY "schema_migrations"."version" ASC[0m
Processing by AuthorsController#index as HTML
  [1m[36mAuthor Load (0.6ms)[0m  [1m[34mSELECT "authors".* FROM "authors"[0m
  ↳ app/controllers/authors_controller.rb:8:in `index'
Completed 200 OK in 7ms (Views: 2.4ms | ActiveRecord: 1.9ms | Allocations: 1690)


Started GET "/blogs" for ::1 at 2019-11-24 22:05:07 +0300
Processing by BlogsController#index as HTML
  [1m[36mBlog Load (6.3ms)[0m  [1m[34mSELECT "blogs".* FROM "blogs"[0m
  ↳ app/controllers/blogs_controller.rb:8:in `index'
Completed 200 OK in 13ms (Views: 3.4ms | ActiveRecord: 7.7ms | Allocations: 1377)


  [1m[35m (0.2ms)[0m  [1m[34mSELECT pg_try_advisory_lock(8592296257595126370)[0m
  [1m[35m (0.6ms)[0m  [1m[34mSELECT "schema_migrations"."version" FROM "schema_migrations" ORDER BY "schema_migrations"."version" ASC[0m
Migrating to CreateArtcles (20191124190908)
  [1m[35m (0.2ms)[0m  [1m[35mBEGIN[0m
  [1m[35m (53.6ms)[0m  [1m[35mCREATE TABLE "artcles" ("id" bigserial primary key, "title" character varying, "description" character varying, "url" character varying, "author_id" bigint NOT NULL, "blog_id" bigint NOT NULL, "created_at" timestamp(6) NOT NULL, "updated_at" timestamp(6) NOT NULL, CONSTRAINT "fk_rails_b6f4bffaf6"
FOREIGN KEY ("author_id")
  REFERENCES "authors" ("id")
, CONSTRAINT "fk_rails_5073c2d374"
FOREIGN KEY ("blog_id")
  REFERENCES "blogs" ("id")
)[0m
  [1m[35m (2.2ms)[0m  [1m[35mCREATE  INDEX  "index_artcles_on_author_id" ON "artcles"  ("author_id")[0m
  [1m[35m (0.9ms)[0m  [1m[35mCREATE  INDEX  "index_artcles_on_blog_id" ON "artcles"  ("blog_id")[0m
  [1m[36mprimary::SchemaMigration Create (0.3ms)[0m  [1m[32mINSERT INTO "schema_migrations" ("version") VALUES ($1) RETURNING "version"[0m  [["version", "20191124190908"]]
  [1m[35m (0.6ms)[0m  [1m[35mCOMMIT[0m
  [1m[36mActiveRecord::InternalMetadata Load (0.4ms)[0m  [1m[34mSELECT "ar_internal_metadata".* FROM "ar_internal_metadata" WHERE "ar_internal_metadata"."key" = $1 LIMIT $2[0m  [["key", "environment"], ["LIMIT", 1]]
  [1m[35m (0.3ms)[0m  [1m[34mSELECT pg_advisory_unlock(8592296257595126370)[0m
  [1m[35m (0.7ms)[0m  [1m[34mSELECT "schema_migrations"."version" FROM "schema_migrations" ORDER BY "schema_migrations"."version" ASC[0m
Started POST "/authors?first_name=Ivan&last_name=Ivanov" for ::1 at 2019-11-24 22:16:41 +0300
  [1m[35m (0.6ms)[0m  [1m[34mSELECT "schema_migrations"."version" FROM "schema_migrations" ORDER BY "schema_migrations"."version" ASC[0m
Processing by AuthorsController#create as */*
  Parameters: {"first_name"=>"Ivan", "last_name"=>"Ivanov"}
Completed 400 Bad Request in 8ms (ActiveRecord: 0.0ms | Allocations: 1639)


  
ActionController::ParameterMissing (param is missing or the value is empty: author):
  
app/controllers/authors_controller.rb:49:in `author_params'
app/controllers/authors_controller.rb:18:in `create'
Started GET "/authors" for ::1 at 2019-11-24 22:17:44 +0300
Processing by AuthorsController#index as HTML
  [1m[36mAuthor Load (2.8ms)[0m  [1m[34mSELECT "authors".* FROM "authors"[0m
  ↳ app/controllers/authors_controller.rb:8:in `index'
Completed 200 OK in 8ms (Views: 2.6ms | ActiveRecord: 4.5ms | Allocations: 1356)


Started POST "/authors?first_name=Ivan&last_name=Ivanov" for ::1 at 2019-11-24 22:18:41 +0300
Processing by AuthorsController#create as */*
  Parameters: {"first_name"=>"Ivan", "last_name"=>"Ivanov", "author"=>{"first_name"=>"Ivan", "last_name"=>"Ivanov"}}
  [1m[35m (0.2ms)[0m  [1m[35mBEGIN[0m
  ↳ app/controllers/authors_controller.rb:20:in `create'
  [1m[36mAuthor Create (1.6ms)[0m  [1m[32mINSERT INTO "authors" ("first_name", "last_name", "created_at", "updated_at") VALUES ($1, $2, $3, $4) RETURNING "id"[0m  [["first_name", "Ivan"], ["last_name", "Ivanov"], ["created_at", "2019-11-24 19:18:41.029475"], ["updated_at", "2019-11-24 19:18:41.029475"]]
  ↳ app/controllers/authors_controller.rb:20:in `create'
  [1m[35m (39.0ms)[0m  [1m[35mCOMMIT[0m
  ↳ app/controllers/authors_controller.rb:20:in `create'
Completed 201 Created in 65ms (Views: 2.1ms | ActiveRecord: 46.4ms | Allocations: 5711)


Started GET "/authors" for ::1 at 2019-11-24 22:18:45 +0300
Processing by AuthorsController#index as HTML
  [1m[36mAuthor Load (0.6ms)[0m  [1m[34mSELECT "authors".* FROM "authors"[0m
  ↳ app/controllers/authors_controller.rb:8:in `index'
Completed 200 OK in 3ms (Views: 1.9ms | ActiveRecord: 0.6ms | Allocations: 950)


Started PUT "/authors?first_name=Ivan&last_name=Ivanov" for ::1 at 2019-11-24 22:19:22 +0300
  
ActionController::RoutingError (No route matches [PUT] "/authors"):
  
actionpack (6.0.1) lib/action_dispatch/middleware/debug_exceptions.rb:36:in `call'
actionpack (6.0.1) lib/action_dispatch/middleware/show_exceptions.rb:33:in `call'
railties (6.0.1) lib/rails/rack/logger.rb:38:in `call_app'
railties (6.0.1) lib/rails/rack/logger.rb:26:in `block in call'
activesupport (6.0.1) lib/active_support/tagged_logging.rb:80:in `block in tagged'
activesupport (6.0.1) lib/active_support/tagged_logging.rb:28:in `tagged'
activesupport (6.0.1) lib/active_support/tagged_logging.rb:80:in `tagged'
railties (6.0.1) lib/rails/rack/logger.rb:26:in `call'
actionpack (6.0.1) lib/action_dispatch/middleware/remote_ip.rb:81:in `call'
actionpack (6.0.1) lib/action_dispatch/middleware/request_id.rb:27:in `call'
rack (2.0.7) lib/rack/runtime.rb:22:in `call'
activesupport (6.0.1) lib/active_support/cache/strategy/local_cache_middleware.rb:29:in `call'
actionpack (6.0.1) lib/action_dispatch/middleware/executor.rb:14:in `call'
actionpack (6.0.1) lib/action_dispatch/middleware/static.rb:126:in `call'
rack (2.0.7) lib/rack/sendfile.rb:111:in `call'
actionpack (6.0.1) lib/action_dispatch/middleware/host_authorization.rb:83:in `call'
railties (6.0.1) lib/rails/engine.rb:526:in `call'
puma (4.3.0) lib/puma/configuration.rb:228:in `call'
puma (4.3.0) lib/puma/server.rb:667:in `handle_request'
puma (4.3.0) lib/puma/server.rb:470:in `process_client'
puma (4.3.0) lib/puma/server.rb:328:in `block in run'
puma (4.3.0) lib/puma/thread_pool.rb:134:in `block in spawn_thread'
Started PUT "/authors/1?first_name=Ivan&last_name=Ivanov" for ::1 at 2019-11-24 22:20:04 +0300
Processing by AuthorsController#update as */*
  Parameters: {"first_name"=>"Ivan", "last_name"=>"Ivanov", "id"=>"1", "author"=>{"first_name"=>"Ivan", "last_name"=>"Ivanov"}}
  [1m[36mAuthor Load (0.7ms)[0m  [1m[34mSELECT "authors".* FROM "authors" WHERE "authors"."id" = $1 LIMIT $2[0m  [["id", 1], ["LIMIT", 1]]
  ↳ app/controllers/authors_controller.rb:44:in `set_author'
  [1m[35m (0.2ms)[0m  [1m[35mBEGIN[0m
  ↳ app/controllers/authors_controller.rb:29:in `update'
  [1m[36mAuthor Update (43.7ms)[0m  [1m[33mUPDATE "authors" SET "last_name" = $1, "updated_at" = $2 WHERE "authors"."id" = $3[0m  [["last_name", "Lev"], ["updated_at", "2019-11-24 19:20:04.209582"], ["id", 1]]
  ↳ app/controllers/authors_controller.rb:29:in `update'
  [1m[35m (0.5ms)[0m  [1m[35mCOMMIT[0m
  ↳ app/controllers/authors_controller.rb:29:in `update'
Completed 200 OK in 79ms (Views: 0.4ms | ActiveRecord: 45.3ms | Allocations: 4592)


Started GET "/authors" for ::1 at 2019-11-24 22:20:07 +0300
Processing by AuthorsController#index as HTML
  [1m[36mAuthor Load (0.3ms)[0m  [1m[34mSELECT "authors".* FROM "authors"[0m
  ↳ app/controllers/authors_controller.rb:8:in `index'
Completed 200 OK in 3ms (Views: 2.4ms | ActiveRecord: 0.3ms | Allocations: 920)


Started POST "/blog" for ::1 at 2019-11-24 22:22:14 +0300
  
ActionController::RoutingError (No route matches [POST] "/blog"):
  
actionpack (6.0.1) lib/action_dispatch/middleware/debug_exceptions.rb:36:in `call'
actionpack (6.0.1) lib/action_dispatch/middleware/show_exceptions.rb:33:in `call'
railties (6.0.1) lib/rails/rack/logger.rb:38:in `call_app'
railties (6.0.1) lib/rails/rack/logger.rb:26:in `block in call'
activesupport (6.0.1) lib/active_support/tagged_logging.rb:80:in `block in tagged'
activesupport (6.0.1) lib/active_support/tagged_logging.rb:28:in `tagged'
activesupport (6.0.1) lib/active_support/tagged_logging.rb:80:in `tagged'
railties (6.0.1) lib/rails/rack/logger.rb:26:in `call'
actionpack (6.0.1) lib/action_dispatch/middleware/remote_ip.rb:81:in `call'
actionpack (6.0.1) lib/action_dispatch/middleware/request_id.rb:27:in `call'
rack (2.0.7) lib/rack/runtime.rb:22:in `call'
activesupport (6.0.1) lib/active_support/cache/strategy/local_cache_middleware.rb:29:in `call'
actionpack (6.0.1) lib/action_dispatch/middleware/executor.rb:14:in `call'
actionpack (6.0.1) lib/action_dispatch/middleware/static.rb:126:in `call'
rack (2.0.7) lib/rack/sendfile.rb:111:in `call'
actionpack (6.0.1) lib/action_dispatch/middleware/host_authorization.rb:83:in `call'
railties (6.0.1) lib/rails/engine.rb:526:in `call'
puma (4.3.0) lib/puma/configuration.rb:228:in `call'
puma (4.3.0) lib/puma/server.rb:667:in `handle_request'
puma (4.3.0) lib/puma/server.rb:470:in `process_client'
puma (4.3.0) lib/puma/server.rb:328:in `block in run'
puma (4.3.0) lib/puma/thread_pool.rb:134:in `block in spawn_thread'
Started POST "/blogs" for ::1 at 2019-11-24 22:22:18 +0300
Processing by BlogsController#create as */*
  Parameters: {"title"=>"Test", "blog"=>{"title"=>"Test"}}
  [1m[35m (0.2ms)[0m  [1m[35mBEGIN[0m
  ↳ app/controllers/blogs_controller.rb:20:in `create'
  [1m[36mBlog Create (1.0ms)[0m  [1m[32mINSERT INTO "blogs" ("title", "created_at", "updated_at") VALUES ($1, $2, $3) RETURNING "id"[0m  [["title", "Test"], ["created_at", "2019-11-24 19:22:18.892233"], ["updated_at", "2019-11-24 19:22:18.892233"]]
  ↳ app/controllers/blogs_controller.rb:20:in `create'
  [1m[35m (16.2ms)[0m  [1m[35mCOMMIT[0m
  ↳ app/controllers/blogs_controller.rb:20:in `create'
Completed 201 Created in 148ms (Views: 1.3ms | ActiveRecord: 137.3ms | Allocations: 4718)


Started GET "/authors/1/artcles" for ::1 at 2019-11-24 22:22:44 +0300
  
ActionController::RoutingError (No route matches [GET] "/authors/1/artcles"):
  
actionpack (6.0.1) lib/action_dispatch/middleware/debug_exceptions.rb:36:in `call'
actionpack (6.0.1) lib/action_dispatch/middleware/show_exceptions.rb:33:in `call'
railties (6.0.1) lib/rails/rack/logger.rb:38:in `call_app'
railties (6.0.1) lib/rails/rack/logger.rb:26:in `block in call'
activesupport (6.0.1) lib/active_support/tagged_logging.rb:80:in `block in tagged'
activesupport (6.0.1) lib/active_support/tagged_logging.rb:28:in `tagged'
activesupport (6.0.1) lib/active_support/tagged_logging.rb:80:in `tagged'
railties (6.0.1) lib/rails/rack/logger.rb:26:in `call'
actionpack (6.0.1) lib/action_dispatch/middleware/remote_ip.rb:81:in `call'
actionpack (6.0.1) lib/action_dispatch/middleware/request_id.rb:27:in `call'
rack (2.0.7) lib/rack/runtime.rb:22:in `call'
activesupport (6.0.1) lib/active_support/cache/strategy/local_cache_middleware.rb:29:in `call'
actionpack (6.0.1) lib/action_dispatch/middleware/executor.rb:14:in `call'
actionpack (6.0.1) lib/action_dispatch/middleware/static.rb:126:in `call'
rack (2.0.7) lib/rack/sendfile.rb:111:in `call'
actionpack (6.0.1) lib/action_dispatch/middleware/host_authorization.rb:83:in `call'
railties (6.0.1) lib/rails/engine.rb:526:in `call'
puma (4.3.0) lib/puma/configuration.rb:228:in `call'
puma (4.3.0) lib/puma/server.rb:667:in `handle_request'
puma (4.3.0) lib/puma/server.rb:470:in `process_client'
puma (4.3.0) lib/puma/server.rb:328:in `block in run'
puma (4.3.0) lib/puma/thread_pool.rb:134:in `block in spawn_thread'
Started GET "/authors/1/artcles" for ::1 at 2019-11-24 22:22:50 +0300
  
ActionController::RoutingError (No route matches [GET] "/authors/1/artcles"):
  
actionpack (6.0.1) lib/action_dispatch/middleware/debug_exceptions.rb:36:in `call'
actionpack (6.0.1) lib/action_dispatch/middleware/show_exceptions.rb:33:in `call'
railties (6.0.1) lib/rails/rack/logger.rb:38:in `call_app'
railties (6.0.1) lib/rails/rack/logger.rb:26:in `block in call'
activesupport (6.0.1) lib/active_support/tagged_logging.rb:80:in `block in tagged'
activesupport (6.0.1) lib/active_support/tagged_logging.rb:28:in `tagged'
activesupport (6.0.1) lib/active_support/tagged_logging.rb:80:in `tagged'
railties (6.0.1) lib/rails/rack/logger.rb:26:in `call'
actionpack (6.0.1) lib/action_dispatch/middleware/remote_ip.rb:81:in `call'
actionpack (6.0.1) lib/action_dispatch/middleware/request_id.rb:27:in `call'
rack (2.0.7) lib/rack/runtime.rb:22:in `call'
activesupport (6.0.1) lib/active_support/cache/strategy/local_cache_middleware.rb:29:in `call'
actionpack (6.0.1) lib/action_dispatch/middleware/executor.rb:14:in `call'
actionpack (6.0.1) lib/action_dispatch/middleware/static.rb:126:in `call'
rack (2.0.7) lib/rack/sendfile.rb:111:in `call'
actionpack (6.0.1) lib/action_dispatch/middleware/host_authorization.rb:83:in `call'
railties (6.0.1) lib/rails/engine.rb:526:in `call'
puma (4.3.0) lib/puma/configuration.rb:228:in `call'
puma (4.3.0) lib/puma/server.rb:667:in `handle_request'
puma (4.3.0) lib/puma/server.rb:470:in `process_client'
puma (4.3.0) lib/puma/server.rb:328:in `block in run'
puma (4.3.0) lib/puma/thread_pool.rb:134:in `block in spawn_thread'
Started GET "/authors/1/artcles" for ::1 at 2019-11-24 22:27:14 +0300
  [1m[35m (0.8ms)[0m  [1m[34mSELECT "schema_migrations"."version" FROM "schema_migrations" ORDER BY "schema_migrations"."version" ASC[0m
Processing by ArtclesController#index as HTML
  Parameters: {"author_id"=>"1"}
  [1m[36mArtcle Load (43.8ms)[0m  [1m[34mSELECT "artcles".* FROM "artcles"[0m
  ↳ app/controllers/artcles_controller.rb:8:in `index'
Completed 200 OK in 57ms (Views: 3.6ms | ActiveRecord: 46.2ms | Allocations: 3110)


Started POST "/articles" for ::1 at 2019-11-24 22:29:13 +0300
  
ActionController::RoutingError (No route matches [POST] "/articles"):
  
actionpack (6.0.1) lib/action_dispatch/middleware/debug_exceptions.rb:36:in `call'
actionpack (6.0.1) lib/action_dispatch/middleware/show_exceptions.rb:33:in `call'
railties (6.0.1) lib/rails/rack/logger.rb:38:in `call_app'
railties (6.0.1) lib/rails/rack/logger.rb:26:in `block in call'
activesupport (6.0.1) lib/active_support/tagged_logging.rb:80:in `block in tagged'
activesupport (6.0.1) lib/active_support/tagged_logging.rb:28:in `tagged'
activesupport (6.0.1) lib/active_support/tagged_logging.rb:80:in `tagged'
railties (6.0.1) lib/rails/rack/logger.rb:26:in `call'
actionpack (6.0.1) lib/action_dispatch/middleware/remote_ip.rb:81:in `call'
actionpack (6.0.1) lib/action_dispatch/middleware/request_id.rb:27:in `call'
rack (2.0.7) lib/rack/runtime.rb:22:in `call'
activesupport (6.0.1) lib/active_support/cache/strategy/local_cache_middleware.rb:29:in `call'
actionpack (6.0.1) lib/action_dispatch/middleware/executor.rb:14:in `call'
actionpack (6.0.1) lib/action_dispatch/middleware/static.rb:126:in `call'
rack (2.0.7) lib/rack/sendfile.rb:111:in `call'
actionpack (6.0.1) lib/action_dispatch/middleware/host_authorization.rb:83:in `call'
railties (6.0.1) lib/rails/engine.rb:526:in `call'
puma (4.3.0) lib/puma/configuration.rb:228:in `call'
puma (4.3.0) lib/puma/server.rb:667:in `handle_request'
puma (4.3.0) lib/puma/server.rb:470:in `process_client'
puma (4.3.0) lib/puma/server.rb:328:in `block in run'
puma (4.3.0) lib/puma/thread_pool.rb:134:in `block in spawn_thread'
Started POST "/artcles" for ::1 at 2019-11-24 22:29:33 +0300
Processing by ArtclesController#create as */*
  Parameters: {"title"=>"Simple", "description"=>"Hello mothe..", "url"=>"mmm", "author_id"=>1, "blog_id"=>1, "artcle"=>{"title"=>"Simple", "description"=>"Hello mothe..", "url"=>"mmm", "author_id"=>1, "blog_id"=>1}}
  [1m[35m (0.5ms)[0m  [1m[35mBEGIN[0m
  ↳ app/controllers/artcles_controller.rb:20:in `create'
  [1m[36mAuthor Load (0.6ms)[0m  [1m[34mSELECT "authors".* FROM "authors" WHERE "authors"."id" = $1 LIMIT $2[0m  [["id", 1], ["LIMIT", 1]]
  ↳ app/controllers/artcles_controller.rb:20:in `create'
  [1m[36mBlog Load (0.6ms)[0m  [1m[34mSELECT "blogs".* FROM "blogs" WHERE "blogs"."id" = $1 LIMIT $2[0m  [["id", 1], ["LIMIT", 1]]
  ↳ app/controllers/artcles_controller.rb:20:in `create'
  [1m[36mArtcle Create (3.9ms)[0m  [1m[32mINSERT INTO "artcles" ("title", "description", "url", "author_id", "blog_id", "created_at", "updated_at") VALUES ($1, $2, $3, $4, $5, $6, $7) RETURNING "id"[0m  [["title", "Simple"], ["description", "Hello mothe.."], ["url", "mmm"], ["author_id", 1], ["blog_id", 1], ["created_at", "2019-11-24 19:29:34.094997"], ["updated_at", "2019-11-24 19:29:34.094997"]]
  ↳ app/controllers/artcles_controller.rb:20:in `create'
  [1m[35m (0.5ms)[0m  [1m[35mCOMMIT[0m
  ↳ app/controllers/artcles_controller.rb:20:in `create'
Completed 201 Created in 114ms (Views: 1.2ms | ActiveRecord: 20.9ms | Allocations: 21587)


Started GET "/authors/1/artcles" for ::1 at 2019-11-24 22:29:39 +0300
Processing by ArtclesController#index as HTML
  Parameters: {"author_id"=>"1"}
  [1m[36mArtcle Load (0.3ms)[0m  [1m[34mSELECT "artcles".* FROM "artcles"[0m
  ↳ app/controllers/artcles_controller.rb:8:in `index'
Completed 200 OK in 2ms (Views: 1.3ms | ActiveRecord: 0.3ms | Allocations: 982)


Started POST "/artcles" for ::1 at 2019-11-24 22:29:59 +0300
Processing by ArtclesController#create as */*
  Parameters: {"title"=>"Second arcticle", "description"=>"AJOIEQJWEOIEJQW:QWEJ", "url"=>"qwerrrr", "author_id"=>1, "blog_id"=>1, "artcle"=>{"title"=>"Second arcticle", "description"=>"AJOIEQJWEOIEJQW:QWEJ", "url"=>"qwerrrr", "author_id"=>1, "blog_id"=>1}}
  [1m[35m (0.7ms)[0m  [1m[35mBEGIN[0m
  ↳ app/controllers/artcles_controller.rb:20:in `create'
  [1m[36mAuthor Load (0.4ms)[0m  [1m[34mSELECT "authors".* FROM "authors" WHERE "authors"."id" = $1 LIMIT $2[0m  [["id", 1], ["LIMIT", 1]]
  ↳ app/controllers/artcles_controller.rb:20:in `create'
  [1m[36mBlog Load (0.6ms)[0m  [1m[34mSELECT "blogs".* FROM "blogs" WHERE "blogs"."id" = $1 LIMIT $2[0m  [["id", 1], ["LIMIT", 1]]
  ↳ app/controllers/artcles_controller.rb:20:in `create'
  [1m[36mArtcle Create (0.6ms)[0m  [1m[32mINSERT INTO "artcles" ("title", "description", "url", "author_id", "blog_id", "created_at", "updated_at") VALUES ($1, $2, $3, $4, $5, $6, $7) RETURNING "id"[0m  [["title", "Second arcticle"], ["description", "AJOIEQJWEOIEJQW:QWEJ"], ["url", "qwerrrr"], ["author_id", 1], ["blog_id", 1], ["created_at", "2019-11-24 19:29:59.168540"], ["updated_at", "2019-11-24 19:29:59.168540"]]
  ↳ app/controllers/artcles_controller.rb:20:in `create'
  [1m[35m (7.6ms)[0m  [1m[35mCOMMIT[0m
  ↳ app/controllers/artcles_controller.rb:20:in `create'
Completed 201 Created in 27ms (Views: 1.4ms | ActiveRecord: 9.9ms | Allocations: 4621)


Started GET "/authors/1/artcles" for ::1 at 2019-11-24 22:30:01 +0300
Processing by ArtclesController#index as HTML
  Parameters: {"author_id"=>"1"}
  [1m[36mArtcle Load (0.4ms)[0m  [1m[34mSELECT "artcles".* FROM "artcles"[0m
  ↳ app/controllers/artcles_controller.rb:8:in `index'
Completed 200 OK in 5ms (Views: 3.8ms | ActiveRecord: 0.4ms | Allocations: 1102)


Started GET "/blogs/1/artcles" for ::1 at 2019-11-24 22:30:06 +0300
Processing by ArtclesController#index as HTML
  Parameters: {"blog_id"=>"1"}
  [1m[36mArtcle Load (0.4ms)[0m  [1m[34mSELECT "artcles".* FROM "artcles"[0m
  ↳ app/controllers/artcles_controller.rb:8:in `index'
Completed 200 OK in 3ms (Views: 2.2ms | ActiveRecord: 0.4ms | Allocations: 1121)


Started GET "/" for ::1 at 2019-12-02 08:43:14 +0300
  [1m[35m (3.2ms)[0m  [1m[34mSELECT "schema_migrations"."version" FROM "schema_migrations" ORDER BY "schema_migrations"."version" ASC[0m
Processing by Rails::WelcomeController#index as HTML
  Rendering /Users/Arctic/.rbenv/versions/2.6.5/lib/ruby/gems/2.6.0/gems/railties-6.0.1/lib/rails/templates/rails/welcome/index.html.erb
  Rendered /Users/Arctic/.rbenv/versions/2.6.5/lib/ruby/gems/2.6.0/gems/railties-6.0.1/lib/rails/templates/rails/welcome/index.html.erb (Duration: 51.2ms | Allocations: 310)
Completed 200 OK in 68ms (Views: 61.5ms | ActiveRecord: 0.0ms | Allocations: 1629)


Started GET "/favicon.ico" for ::1 at 2019-12-02 08:43:15 +0300
  
ActionController::RoutingError (No route matches [GET] "/favicon.ico"):
  
actionpack (6.0.1) lib/action_dispatch/middleware/debug_exceptions.rb:36:in `call'
actionpack (6.0.1) lib/action_dispatch/middleware/show_exceptions.rb:33:in `call'
railties (6.0.1) lib/rails/rack/logger.rb:38:in `call_app'
railties (6.0.1) lib/rails/rack/logger.rb:26:in `block in call'
activesupport (6.0.1) lib/active_support/tagged_logging.rb:80:in `block in tagged'
activesupport (6.0.1) lib/active_support/tagged_logging.rb:28:in `tagged'
activesupport (6.0.1) lib/active_support/tagged_logging.rb:80:in `tagged'
railties (6.0.1) lib/rails/rack/logger.rb:26:in `call'
actionpack (6.0.1) lib/action_dispatch/middleware/remote_ip.rb:81:in `call'
actionpack (6.0.1) lib/action_dispatch/middleware/request_id.rb:27:in `call'
rack (2.0.7) lib/rack/runtime.rb:22:in `call'
activesupport (6.0.1) lib/active_support/cache/strategy/local_cache_middleware.rb:29:in `call'
actionpack (6.0.1) lib/action_dispatch/middleware/executor.rb:14:in `call'
actionpack (6.0.1) lib/action_dispatch/middleware/static.rb:126:in `call'
rack (2.0.7) lib/rack/sendfile.rb:111:in `call'
actionpack (6.0.1) lib/action_dispatch/middleware/host_authorization.rb:83:in `call'
railties (6.0.1) lib/rails/engine.rb:526:in `call'
puma (4.3.0) lib/puma/configuration.rb:228:in `call'
puma (4.3.0) lib/puma/server.rb:667:in `handle_request'
puma (4.3.0) lib/puma/server.rb:470:in `process_client'
puma (4.3.0) lib/puma/server.rb:328:in `block in run'
puma (4.3.0) lib/puma/thread_pool.rb:134:in `block in spawn_thread'
Started GET "/authors" for ::1 at 2019-12-02 08:43:20 +0300
Processing by AuthorsController#index as HTML
  [1m[36mAuthor Load (56.0ms)[0m  [1m[34mSELECT "authors".* FROM "authors"[0m
  ↳ app/controllers/authors_controller.rb:8:in `index'
Completed 200 OK in 96ms (Views: 14.8ms | ActiveRecord: 72.8ms | Allocations: 5675)


Started GET "/authors/1/artcles" for ::1 at 2019-12-02 10:47:09 +0300
  [1m[35m (1.0ms)[0m  [1m[34mSELECT "schema_migrations"."version" FROM "schema_migrations" ORDER BY "schema_migrations"."version" ASC[0m
Processing by ArtclesController#index as */*
  Parameters: {"title"=>"Test", "author_id"=>"1", "artcle"=>{"title"=>"Test"}}
  [1m[36mArtcle Load (4.1ms)[0m  [1m[34mSELECT "artcles".* FROM "artcles"[0m
  ↳ app/controllers/artcles_controller.rb:8:in `index'
Completed 200 OK in 47ms (Views: 39.1ms | ActiveRecord: 49.9ms | Allocations: 6021)


Started POST "/artcles" for ::1 at 2019-12-02 10:47:47 +0300
Processing by ArtclesController#create as */*
  Parameters: {"title"=>"lkjghjjkghjgke", "description"=>"AJOIEQJWEOIEJQW:QWEJ", "url"=>"qwerrrr", "author_id"=>1, "blog_id"=>1, "artcle"=>{"title"=>"lkjghjjkghjgke", "description"=>"AJOIEQJWEOIEJQW:QWEJ", "url"=>"qwerrrr", "author_id"=>1, "blog_id"=>1}}
  [1m[35m (5.8ms)[0m  [1m[35mBEGIN[0m
  ↳ app/controllers/artcles_controller.rb:20:in `create'
  [1m[36mAuthor Load (1.0ms)[0m  [1m[34mSELECT "authors".* FROM "authors" WHERE "authors"."id" = $1 LIMIT $2[0m  [["id", 1], ["LIMIT", 1]]
  ↳ app/controllers/artcles_controller.rb:20:in `create'
  [1m[36mBlog Load (2.4ms)[0m  [1m[34mSELECT "blogs".* FROM "blogs" WHERE "blogs"."id" = $1 LIMIT $2[0m  [["id", 1], ["LIMIT", 1]]
  ↳ app/controllers/artcles_controller.rb:20:in `create'
  [1m[36mArtcle Create (13.7ms)[0m  [1m[32mINSERT INTO "artcles" ("title", "description", "url", "author_id", "blog_id", "created_at", "updated_at") VALUES ($1, $2, $3, $4, $5, $6, $7) RETURNING "id"[0m  [["title", "lkjghjjkghjgke"], ["description", "AJOIEQJWEOIEJQW:QWEJ"], ["url", "qwerrrr"], ["author_id", 1], ["blog_id", 1], ["created_at", "2019-12-02 07:47:47.336481"], ["updated_at", "2019-12-02 07:47:47.336481"]]
  ↳ app/controllers/artcles_controller.rb:20:in `create'
  [1m[35m (1.1ms)[0m  [1m[35mCOMMIT[0m
  ↳ app/controllers/artcles_controller.rb:20:in `create'
Completed 201 Created in 134ms (Views: 2.4ms | ActiveRecord: 67.3ms | Allocations: 15153)


Started GET "/authors/1/artcles" for ::1 at 2019-12-09 09:53:40 +0300
  [1m[35m (3.1ms)[0m  [1m[34mSELECT "schema_migrations"."version" FROM "schema_migrations" ORDER BY "schema_migrations"."version" ASC[0m
Processing by ArtclesController#index as */*
  Parameters: {"title"=>"Test", "author_id"=>"1", "artcle"=>{"title"=>"Test"}}
  [1m[36mArtcle Load (2.0ms)[0m  [1m[34mSELECT "artcles".* FROM "artcles"[0m
  ↳ app/controllers/artcles_controller.rb:8:in `index'
Completed 200 OK in 18ms (Views: 8.1ms | ActiveRecord: 14.3ms | Allocations: 6132)


